2025-07-27T17:15:34.707+05:30  INFO 3252 --- [productapi] [main] c.s.productapi.ProductapiApplication     : Starting ProductapiApplication using Java 17.0.12 with PID 3252 (C:\Users\supun\Desktop\productapi\productapi\target\classes started by supun in C:\Users\supun\Desktop\productapi\productapi)
2025-07-27T17:15:34.737+05:30  INFO 3252 --- [productapi] [main] c.s.productapi.ProductapiApplication     : No active profile set, falling back to 1 default profile: "default"
2025-07-27T17:15:36.507+05:30  INFO 3252 --- [productapi] [main] .s.d.r.c.RepositoryConfigurationDelegate : Bootstrapping Spring Data JPA repositories in DEFAULT mode.
2025-07-27T17:15:36.601+05:30  INFO 3252 --- [productapi] [main] .s.d.r.c.RepositoryConfigurationDelegate : Finished Spring Data repository scanning in 75 ms. Found 1 JPA repository interface.
2025-07-27T17:15:37.647+05:30  INFO 3252 --- [productapi] [main] o.s.b.w.embedded.tomcat.TomcatWebServer  : Tomcat initialized with port 8080 (http)
2025-07-27T17:15:37.675+05:30  INFO 3252 --- [productapi] [main] o.apache.catalina.core.StandardService   : Starting service [Tomcat]
2025-07-27T17:15:37.675+05:30  INFO 3252 --- [productapi] [main] o.apache.catalina.core.StandardEngine    : Starting Servlet engine: [Apache Tomcat/10.1.43]
2025-07-27T17:15:37.758+05:30  INFO 3252 --- [productapi] [main] o.a.c.c.C.[Tomcat].[localhost].[/]       : Initializing Spring embedded WebApplicationContext
2025-07-27T17:15:37.758+05:30  INFO 3252 --- [productapi] [main] w.s.c.ServletWebServerApplicationContext : Root WebApplicationContext: initialization completed in 2933 ms
2025-07-27T17:15:38.022+05:30  INFO 3252 --- [productapi] [main] o.hibernate.jpa.internal.util.LogHelper  : HHH000204: Processing PersistenceUnitInfo [name: default]
2025-07-27T17:15:38.142+05:30  INFO 3252 --- [productapi] [main] org.hibernate.Version                    : HHH000412: Hibernate ORM core version 6.6.22.Final
2025-07-27T17:15:38.196+05:30  INFO 3252 --- [productapi] [main] o.h.c.internal.RegionFactoryInitiator    : HHH000026: Second-level cache disabled
2025-07-27T17:15:38.577+05:30  INFO 3252 --- [productapi] [main] o.s.o.j.p.SpringPersistenceUnitInfo      : No LoadTimeWeaver setup: ignoring JPA class transformer
2025-07-27T17:15:38.623+05:30  INFO 3252 --- [productapi] [main] com.zaxxer.hikari.HikariDataSource       : HikariPool-1 - Starting...
2025-07-27T17:15:38.900+05:30  INFO 3252 --- [productapi] [main] com.zaxxer.hikari.pool.HikariPool        : HikariPool-1 - Added connection conn0: url=jdbc:h2:file:./data/productDB user=ROOT
2025-07-27T17:15:38.902+05:30  INFO 3252 --- [productapi] [main] com.zaxxer.hikari.HikariDataSource       : HikariPool-1 - Start completed.
2025-07-27T17:15:38.931+05:30  WARN 3252 --- [productapi] [main] org.hibernate.orm.deprecation            : HHH90000025: H2Dialect does not need to be specified explicitly using 'hibernate.dialect' (remove the property setting and it will be selected by default)
2025-07-27T17:15:38.959+05:30  INFO 3252 --- [productapi] [main] org.hibernate.orm.connections.pooling    : HHH10001005: Database info:
	Database JDBC URL [Connecting through datasource 'HikariDataSource (HikariPool-1)']
	Database driver: undefined/unknown
	Database version: 2.3.232
	Autocommit mode: undefined/unknown
	Isolation level: undefined/unknown
	Minimum pool size: undefined/unknown
	Maximum pool size: undefined/unknown
2025-07-27T17:15:39.723+05:30  INFO 3252 --- [productapi] [main] o.h.e.t.j.p.i.JtaPlatformInitiator       : HHH000489: No JTA platform available (set 'hibernate.transaction.jta.platform' to enable JTA platform integration)
2025-07-27T17:15:39.779+05:30  INFO 3252 --- [productapi] [main] j.LocalContainerEntityManagerFactoryBean : Initialized JPA EntityManagerFactory for persistence unit 'default'
2025-07-27T17:15:40.622+05:30  WARN 3252 --- [productapi] [main] JpaBaseConfiguration$JpaWebConfiguration : spring.jpa.open-in-view is enabled by default. Therefore, database queries may be performed during view rendering. Explicitly configure spring.jpa.open-in-view to disable this warning
2025-07-27T17:15:42.510+05:30  INFO 3252 --- [productapi] [main] o.s.b.a.h2.H2ConsoleAutoConfiguration    : H2 console available at '/h2-console'. Database available at 'jdbc:h2:file:./data/productDB'
2025-07-27T17:15:42.800+05:30  INFO 3252 --- [productapi] [main] o.s.b.w.embedded.tomcat.TomcatWebServer  : Tomcat started on port 8080 (http) with context path '/'
2025-07-27T17:15:42.832+05:30  INFO 3252 --- [productapi] [main] c.s.productapi.ProductapiApplication     : Started ProductapiApplication in 8.981 seconds (process running for 9.634)
2025-07-27T17:15:45.909+05:30  INFO 3252 --- [productapi] [http-nio-8080-exec-1] o.a.c.c.C.[Tomcat].[localhost].[/]       : Initializing Spring DispatcherServlet 'dispatcherServlet'
2025-07-27T17:15:45.909+05:30  INFO 3252 --- [productapi] [http-nio-8080-exec-1] o.s.web.servlet.DispatcherServlet        : Initializing Servlet 'dispatcherServlet'
2025-07-27T17:15:45.917+05:30  INFO 3252 --- [productapi] [http-nio-8080-exec-1] o.s.web.servlet.DispatcherServlet        : Completed initialization in 8 ms
2025-07-27T17:15:46.007+05:30  INFO 3252 --- [productapi] [http-nio-8080-exec-1] c.supun.productapi.RequestLoggingFilter  : GET /products => 404 (80 ms)
2025-07-27T17:15:46.329+05:30  INFO 3252 --- [productapi] [http-nio-8080-exec-2] c.supun.productapi.RequestLoggingFilter  : GET /favicon.ico => 404 (8 ms)
2025-07-27T17:15:54.599+05:30  INFO 3252 --- [productapi] [http-nio-8080-exec-5] c.s.p.product.ProductController          : Fetching all products
2025-07-27T17:15:54.868+05:30  INFO 3252 --- [productapi] [http-nio-8080-exec-5] c.supun.productapi.RequestLoggingFilter  : GET /api/products => 200 (281 ms)
2025-07-27T17:16:00.458+05:30  INFO 3252 --- [productapi] [SpringApplicationShutdownHook] o.s.b.w.e.tomcat.GracefulShutdown        : Commencing graceful shutdown. Waiting for active requests to complete
2025-07-27T17:16:00.527+05:30  INFO 3252 --- [productapi] [tomcat-shutdown] o.s.b.w.e.tomcat.GracefulShutdown        : Graceful shutdown complete
2025-07-27T17:16:00.531+05:30  INFO 3252 --- [productapi] [SpringApplicationShutdownHook] j.LocalContainerEntityManagerFactoryBean : Closing JPA EntityManagerFactory for persistence unit 'default'
2025-07-27T17:16:00.534+05:30  INFO 3252 --- [productapi] [SpringApplicationShutdownHook] com.zaxxer.hikari.HikariDataSource       : HikariPool-1 - Shutdown initiated...
2025-07-27T17:16:00.539+05:30  INFO 3252 --- [productapi] [SpringApplicationShutdownHook] com.zaxxer.hikari.HikariDataSource       : HikariPool-1 - Shutdown completed.
